[debug] [2022-09-30T10:09:20.700Z] ----------------------------------------------------------------------
[debug] [2022-09-30T10:09:20.705Z] Command:       C:\Program Files\nodejs\node.exe C:\Users\SaiKrishnaAnnam\AppData\Roaming\npm\node_modules\firebase-tools\lib\bin\firebase.js init
[debug] [2022-09-30T10:09:20.706Z] CLI Version:   11.12.0
[debug] [2022-09-30T10:09:20.707Z] Platform:      win32
[debug] [2022-09-30T10:09:20.707Z] Node Version:  v18.9.0
[debug] [2022-09-30T10:09:20.708Z] Time:          Fri Sep 30 2022 15:39:20 GMT+0530 (India Standard Time)
[debug] [2022-09-30T10:09:20.709Z] ----------------------------------------------------------------------
[debug] 
[debug] [2022-09-30T10:09:20.847Z] > command requires scopes: ["email","openid","https://www.googleapis.com/auth/cloudplatformprojects.readonly","https://www.googleapis.com/auth/firebase","https://www.googleapis.com/auth/cloud-platform"]
[debug] [2022-09-30T10:09:20.848Z] > authorizing via signed-in user (sai.annam@betteranalytics.in)
[info] 
     ######## #### ########  ######## ########     ###     ######  ########
     ##        ##  ##     ## ##       ##     ##  ##   ##  ##       ##
     ######    ##  ########  ######   ########  #########  ######  ######
     ##        ##  ##    ##  ##       ##     ## ##     ##       ## ##
     ##       #### ##     ## ######## ########  ##     ##  ######  ########

You're about to initialize a Firebase project in this directory:

  D:\pratice\test3

Before we get started, keep in mind:

  * You are initializing within an existing Firebase project directory

